Info: Starting: Create simulation model
Info: ip-generate --project-directory=/home/ecegrid/a/mg287/Desktop/amm_master_example/ --output-directory=/home/ecegrid/a/mg287/Desktop/amm_master_example/onchip_ver_qsys/simulation/ --file-set=SIM_VERILOG --report-file=sopcinfo:/home/ecegrid/a/mg287/Desktop/amm_master_example/onchip_ver_qsys.sopcinfo --report-file=html:/home/ecegrid/a/mg287/Desktop/amm_master_example/onchip_ver_qsys.html --report-file=sip:/home/ecegrid/a/mg287/Desktop/amm_master_example/onchip_ver_qsys/simulation/onchip_ver_qsys.sip --report-file=csv:/home/ecegrid/a/mg287/Desktop/amm_master_example/onchip_ver_qsys.csv --report-file=spd:/home/ecegrid/a/mg287/Desktop/amm_master_example/onchip_ver_qsys.spd --report-file=cmp:/home/ecegrid/a/mg287/Desktop/amm_master_example/onchip_ver_qsys.cmp --system-info=DEVICE_FAMILY="Cyclone IV GX" --system-info=DEVICE=EP4CGX150DF31C7 --system-info=DEVICE_SPEEDGRADE=7 --component-file=/home/ecegrid/a/mg287/Desktop/amm_master_example/onchip_ver_qsys.qsys
Progress: Loading amm_master_example/onchip_ver_qsys.qsys
Progress: Reading input file
Progress: Adding clk_0 [clock_source 13.0]
Progress: Parameterizing module clk_0
Progress: Adding write_master [master_template 1.0]
Progress: Parameterizing module write_master
Progress: Adding read_master [master_template 1.0]
Progress: Parameterizing module read_master
Progress: Adding onchip_memory2_0 [altera_avalon_onchip_memory2 13.0.1.99.2]
Progress: Parameterizing module onchip_memory2_0
Progress: Building connections
Progress: Parameterizing connections
Progress: Validating
Progress: Done reading input file
Warning: onchip_ver_qsys.write_master: write_master.avalon_master must be connected to an Avalon-MM slave
Info: onchip_ver_qsys: Generating onchip_ver_qsys "onchip_ver_qsys" for SIM_VERILOG
Info: pipeline_bridge_swap_transform: After transform: 4 modules, 7 connections
Info: No custom instruction connections, skipping transform 
Info: merlin_translator_transform: After transform: 6 modules, 13 connections
Info: reset_adaptation_transform: After transform: 7 modules, 15 connections
Info: merlin_mm_transform: After transform: 7 modules, 15 connections
Warning: onchip_ver_qsys: "No matching role found for rst_controller:reset_out:reset_req (reset_req)"
Warning: onchip_ver_qsys: "No matching role found for rst_controller:reset_out:reset_req (reset_req)"
Warning: onchip_ver_qsys: "No matching role found for rst_controller:reset_out:reset_req (reset_req)"
Warning: onchip_ver_qsys: "No matching role found for rst_controller:reset_out:reset_req (reset_req)"
Info: write_master: "onchip_ver_qsys" instantiated master_template "write_master"
Info: onchip_memory2_0: Starting RTL generation for module 'onchip_ver_qsys_onchip_memory2_0'
Info: onchip_memory2_0:   Generation command is [exec /package/eda/altera/altera13.0sp1/quartus/linux/perl/bin/perl -I /package/eda/altera/altera13.0sp1/quartus/common/ip/altera/common/perl/5.8.3 -I /package/eda/altera/altera13.0sp1/quartus/sopc_builder/bin/europa -I /package/eda/altera/altera13.0sp1/quartus/sopc_builder/bin/perl_lib -I /package/eda/altera/altera13.0sp1/quartus/sopc_builder/bin -I /package/eda/altera/altera13.0sp1/quartus/../ip/altera/sopc_builder_ip/common -I /package/eda/altera/altera13.0sp1/quartus/../ip/altera/sopc_builder_ip/altera_avalon_onchip_memory2 -- /package/eda/altera/altera13.0sp1/quartus/../ip/altera/sopc_builder_ip/altera_avalon_onchip_memory2/generate_rtl.pl --name=onchip_ver_qsys_onchip_memory2_0 --dir=/tmp/alt6379_2847689103548927733.dir/0004_onchip_memory2_0_gen/ --quartus_dir=/package/eda/altera/altera13.0sp1/quartus --verilog --config=/tmp/alt6379_2847689103548927733.dir/0004_onchip_memory2_0_gen//onchip_ver_qsys_onchip_memory2_0_component_configuration.pl  --do_build_sim=1    --sim_dir=/tmp/alt6379_2847689103548927733.dir/0004_onchip_memory2_0_gen/  ]
Info: onchip_memory2_0: Done RTL generation for module 'onchip_ver_qsys_onchip_memory2_0'
Info: onchip_memory2_0: "onchip_ver_qsys" instantiated altera_avalon_onchip_memory2 "onchip_memory2_0"
Info: read_master_avalon_master_translator: "onchip_ver_qsys" instantiated altera_merlin_master_translator "read_master_avalon_master_translator"
Info: onchip_memory2_0_s1_translator: "onchip_ver_qsys" instantiated altera_merlin_slave_translator "onchip_memory2_0_s1_translator"
Info: rst_controller: "onchip_ver_qsys" instantiated altera_reset_controller "rst_controller"
Info: onchip_ver_qsys: Done onchip_ver_qsys" with 6 modules, 18 files, 159330 bytes
Info: ip-generate succeeded.
Info: Finished: Create simulation model
Info: Starting: Create Modelsim Project.
Info: sim-script-gen --spd=/home/ecegrid/a/mg287/Desktop/amm_master_example/onchip_ver_qsys.spd --output-directory=/home/ecegrid/a/mg287/Desktop/amm_master_example/onchip_ver_qsys/simulation/
Info: Doing: ip-make-simscript --spd=/home/ecegrid/a/mg287/Desktop/amm_master_example/onchip_ver_qsys.spd --output-directory=/home/ecegrid/a/mg287/Desktop/amm_master_example/onchip_ver_qsys/simulation/
Info: Generating the following file(s) for MODELSIM simulator in /home/ecegrid/a/mg287/Desktop/amm_master_example/onchip_ver_qsys/simulation/ directory:
Info: 	mentor/msim_setup.tcl
Info: Generating the following file(s) for VCS simulator in /home/ecegrid/a/mg287/Desktop/amm_master_example/onchip_ver_qsys/simulation/ directory:
Info: 	synopsys/vcs/vcs_setup.sh
Info: Generating the following file(s) for VCSMX simulator in /home/ecegrid/a/mg287/Desktop/amm_master_example/onchip_ver_qsys/simulation/ directory:
Info: 	synopsys/vcsmx/synopsys_sim.setup
Info: 	synopsys/vcsmx/vcsmx_setup.sh
Info: Generating the following file(s) for NCSIM simulator in /home/ecegrid/a/mg287/Desktop/amm_master_example/onchip_ver_qsys/simulation/ directory:
Info: 	cadence/cds.lib
Info: 	cadence/hdl.var
Info: 	cadence/ncsim_setup.sh
Info: 	5 .cds.lib files in cadence/cds_libs/ directory
Info: Generating the following file(s) for RIVIERAPRO simulator in /home/ecegrid/a/mg287/Desktop/amm_master_example/onchip_ver_qsys/simulation/ directory:
Info: 	aldec/rivierapro_setup.tcl
Info: Finished: Create Modelsim Project.
Info: 
Info: Starting: Create testbench Qsys system
Info: /home/ecegrid/a/mg287/Desktop/amm_master_example/onchip_ver_qsys/testbench/onchip_ver_qsys.ipx
Info: ip-generate --project-directory=/home/ecegrid/a/mg287/Desktop/amm_master_example/ --output-directory=/home/ecegrid/a/mg287/Desktop/amm_master_example/ --report-file=sopcinfo:/home/ecegrid/a/mg287/Desktop/amm_master_example/onchip_ver_qsys.sopcinfo --report-file=html:/home/ecegrid/a/mg287/Desktop/amm_master_example/onchip_ver_qsys.html --system-info=DEVICE_FAMILY="Cyclone IV GX" --system-info=DEVICE=EP4CGX150DF31C7 --system-info=DEVICE_SPEEDGRADE=7 --component-file=/home/ecegrid/a/mg287/Desktop/amm_master_example/onchip_ver_qsys.qsys
Progress: Loading amm_master_example/onchip_ver_qsys.qsys
Progress: Reading input file
Progress: Adding clk_0 [clock_source 13.0]
Progress: Parameterizing module clk_0
Progress: Adding write_master [master_template 1.0]
Progress: Parameterizing module write_master
Progress: Adding read_master [master_template 1.0]
Progress: Parameterizing module read_master
Progress: Adding onchip_memory2_0 [altera_avalon_onchip_memory2 13.0.1.99.2]
Progress: Parameterizing module onchip_memory2_0
Progress: Building connections
Progress: Parameterizing connections
Progress: Validating
Progress: Done reading input file
Warning: onchip_ver_qsys.write_master: write_master.avalon_master must be connected to an Avalon-MM slave
Info: ip-generate succeeded.
Info: Loading component library for testbench.
Progress: 
Progress: 
Progress: 
Progress: (1) searching /package/eda/altera/altera13.0sp1/quartus/sopc_builder/bin/root_components.ipx (ipx file)
Info: Reading index /package/eda/altera/altera13.0sp1/quartus/sopc_builder/bin/root_components.ipx
Info: /package/eda/altera/altera13.0sp1/quartus/sopc_builder/bin/root_components.ipx: Loading now from components.ipx
Info: Reading index /package/eda/altera/altera13.0sp1/quartus/sopc_builder/bin/ip_component_categories.ipx
Info: /package/eda/altera/altera13.0sp1/quartus/sopc_builder/bin/ip_component_categories.ipx described 0 plugins, 0 paths, in 0.02 seconds
Info: /package/eda/altera/altera13.0sp1/quartus/sopc_builder/bin/ip_component_categories.ipx matched 1 files in 0.02 seconds
Progress: Loading altera_up_avalon_video_alpha_blender/altera_up_avalon_video_alpha_blender_hw.tcl
Info: /package/eda/altera/altera13.0sp1/ip/University_Program/Audio_Video/Video/altera_up_avalon_video_alpha_blender/altera_up_avalon_video_alpha_blender_hw.tcl: no _hw.tcl package requested, assuming package require -exact sopc 9.0
Progress: Loading altera_up_avalon_video_bayer_resampler/altera_up_avalon_video_bayer_resampler_hw.tcl
Info: /package/eda/altera/altera13.0sp1/ip/University_Program/Audio_Video/Video/altera_up_avalon_video_bayer_resampler/altera_up_avalon_video_bayer_resampler_hw.tcl: no _hw.tcl package requested, assuming package require -exact sopc 9.0
Progress: Loading altera_up_avalon_video_character_buffer_with_dma/altera_up_avalon_video_character_buffer_with_dma_hw.tcl
Info: /package/eda/altera/altera13.0sp1/ip/University_Program/Audio_Video/Video/altera_up_avalon_video_character_buffer_with_dma/altera_up_avalon_video_character_buffer_with_dma_hw.tcl: no _hw.tcl package requested, assuming package require -exact sopc 9.0
Progress: Loading altera_up_avalon_video_character_buffer_with_dma/altera_up_avalon_video_character_buffer_with_dma_sw.tcl
Progress: Loading altera_up_avalon_video_chroma_resampler/altera_up_avalon_video_chroma_resampler_hw.tcl
Info: /package/eda/altera/altera13.0sp1/ip/University_Program/Audio_Video/Video/altera_up_avalon_video_chroma_resampler/altera_up_avalon_video_chroma_resampler_hw.tcl: no _hw.tcl package requested, assuming package require -exact sopc 9.0
Progress: Loading altera_up_avalon_video_clipper/altera_up_avalon_video_clipper_hw.tcl
Info: /package/eda/altera/altera13.0sp1/ip/University_Program/Audio_Video/Video/altera_up_avalon_video_clipper/altera_up_avalon_video_clipper_hw.tcl: no _hw.tcl package requested, assuming package require -exact sopc 9.0
Progress: Loading altera_up_avalon_video_csc/altera_up_avalon_video_csc_hw.tcl
Info: /package/eda/altera/altera13.0sp1/ip/University_Program/Audio_Video/Video/altera_up_avalon_video_csc/altera_up_avalon_video_csc_hw.tcl: no _hw.tcl package requested, assuming package require -exact sopc 9.0
Progress: Loading altera_up_avalon_video_decoder/altera_up_avalon_video_decoder_hw.tcl
Info: /package/eda/altera/altera13.0sp1/ip/University_Program/Audio_Video/Video/altera_up_avalon_video_decoder/altera_up_avalon_video_decoder_hw.tcl: no _hw.tcl package requested, assuming package require -exact sopc 9.0
Progress: Loading altera_up_avalon_video_dma_controller/altera_up_avalon_video_dma_controller_hw.tcl
Info: /package/eda/altera/altera13.0sp1/ip/University_Program/Audio_Video/Video/altera_up_avalon_video_dma_controller/altera_up_avalon_video_dma_controller_hw.tcl: no _hw.tcl package requested, assuming package require -exact sopc 9.0
Progress: Loading altera_up_avalon_video_dual_clock_buffer/altera_up_avalon_video_dual_clock_buffer_hw.tcl
Info: /package/eda/altera/altera13.0sp1/ip/University_Program/Audio_Video/Video/altera_up_avalon_video_dual_clock_buffer/altera_up_avalon_video_dual_clock_buffer_hw.tcl: no _hw.tcl package requested, assuming package require -exact sopc 9.0
Progress: Loading altera_up_avalon_video_edge_detection/altera_up_avalon_video_edge_detection_hw.tcl
Info: /package/eda/altera/altera13.0sp1/ip/University_Program/Audio_Video/Video/altera_up_avalon_video_edge_detection/altera_up_avalon_video_edge_detection_hw.tcl: no _hw.tcl package requested, assuming package require -exact sopc 9.0
Progress: Loading altera_up_avalon_video_pixel_buffer_dma/altera_up_avalon_video_pixel_buffer_dma_hw.tcl
Info: /package/eda/altera/altera13.0sp1/ip/University_Program/Audio_Video/Video/altera_up_avalon_video_pixel_buffer_dma/altera_up_avalon_video_pixel_buffer_dma_hw.tcl: no _hw.tcl package requested, assuming package require -exact sopc 9.0
Progress: Loading altera_up_avalon_video_pixel_buffer_dma/altera_up_avalon_video_pixel_buffer_dma_sw.tcl
Progress: Loading altera_up_avalon_video_rgb_resampler/altera_up_avalon_video_rgb_resampler_hw.tcl
Info: /package/eda/altera/altera13.0sp1/ip/University_Program/Audio_Video/Video/altera_up_avalon_video_rgb_resampler/altera_up_avalon_video_rgb_resampler_hw.tcl: no _hw.tcl package requested, assuming package require -exact sopc 9.0
Progress: Loading altera_up_avalon_video_scaler/altera_up_avalon_video_scaler_hw.tcl
Info: /package/eda/altera/altera13.0sp1/ip/University_Program/Audio_Video/Video/altera_up_avalon_video_scaler/altera_up_avalon_video_scaler_hw.tcl: no _hw.tcl package requested, assuming package require -exact sopc 9.0
Progress: Loading altera_up_avalon_video_stream_router/altera_up_avalon_video_stream_router_hw.tcl
Info: /package/eda/altera/altera13.0sp1/ip/University_Program/Audio_Video/Video/altera_up_avalon_video_stream_router/altera_up_avalon_video_stream_router_hw.tcl: no _hw.tcl package requested, assuming package require -exact sopc 9.0
Progress: Loading altera_up_avalon_video_test_pattern/altera_up_avalon_video_test_pattern_hw.tcl
Info: /package/eda/altera/altera13.0sp1/ip/University_Program/Audio_Video/Video/altera_up_avalon_video_test_pattern/altera_up_avalon_video_test_pattern_hw.tcl: no _hw.tcl package requested, assuming package require -exact sopc 9.0
Progress: Loading altera_up_avalon_video_vga_controller/altera_up_avalon_video_vga_controller_hw.tcl
Info: /package/eda/altera/altera13.0sp1/ip/University_Program/Audio_Video/Video/altera_up_avalon_video_vga_controller/altera_up_avalon_video_vga_controller_hw.tcl: no _hw.tcl package requested, assuming package require -exact sopc 9.0
Progress: Loading altera_up_avalon_video_vip_bridges/altera_up_avalon_video_raw_to_vip_bridge_hw.tcl
Info: /package/eda/altera/altera13.0sp1/ip/University_Program/Audio_Video/Video/altera_up_avalon_video_vip_bridges/altera_up_avalon_video_raw_to_vip_bridge_hw.tcl: no _hw.tcl package requested, assuming package require -exact sopc 9.0
Progress: Loading altera_up_avalon_video_vip_bridges/altera_up_avalon_video_vip_to_raw_bridge_hw.tcl
Info: /package/eda/altera/altera13.0sp1/ip/University_Program/Audio_Video/Video/altera_up_avalon_video_vip_bridges/altera_up_avalon_video_vip_to_raw_bridge_hw.tcl: no _hw.tcl package requested, assuming package require -exact sopc 9.0
Progress: Loading altera_up_avalon_audio/altera_up_avalon_audio_hw.tcl
Info: /package/eda/altera/altera13.0sp1/ip/University_Program/Audio_Video/altera_up_avalon_audio/altera_up_avalon_audio_hw.tcl: no _hw.tcl package requested, assuming package require -exact sopc 9.0
Progress: Loading altera_up_avalon_audio/altera_up_avalon_audio_sw.tcl
Progress: Loading altera_up_avalon_audio_and_video_config/altera_up_avalon_audio_and_video_config_hw.tcl
Info: /package/eda/altera/altera13.0sp1/ip/University_Program/Audio_Video/altera_up_avalon_audio_and_video_config/altera_up_avalon_audio_and_video_config_hw.tcl: no _hw.tcl package requested, assuming package require -exact sopc 9.0
Progress: Loading altera_up_avalon_audio_and_video_config/altera_up_avalon_audio_and_video_config_sw.tcl
Progress: Loading altera_up_avalon_character_lcd/altera_up_avalon_character_lcd_hw.tcl
Info: /package/eda/altera/altera13.0sp1/ip/University_Program/Audio_Video/altera_up_avalon_character_lcd/altera_up_avalon_character_lcd_hw.tcl: no _hw.tcl package requested, assuming package require -exact sopc 9.0
Progress: Loading altera_up_avalon_character_lcd/altera_up_avalon_character_lcd_sw.tcl
Progress: Loading altera_up_avalon_to_external_bus_bridge/altera_up_avalon_to_external_bus_bridge_hw.tcl
Info: /package/eda/altera/altera13.0sp1/ip/University_Program/Bridges/altera_up_avalon_to_external_bus_bridge/altera_up_avalon_to_external_bus_bridge_hw.tcl: no _hw.tcl package requested, assuming package require -exact sopc 9.0
Progress: Loading altera_up_external_bus_to_avalon_bridge/altera_up_external_bus_to_avalon_bridge_hw.tcl
Info: /package/eda/altera/altera13.0sp1/ip/University_Program/Bridges/altera_up_external_bus_to_avalon_bridge/altera_up_external_bus_to_avalon_bridge_hw.tcl: no _hw.tcl package requested, assuming package require -exact sopc 9.0
Progress: Loading altera_up_avalon_ethernet/altera_up_avalon_ethernet_hw.tcl
Info: /package/eda/altera/altera13.0sp1/ip/University_Program/Communications/altera_up_avalon_ethernet/altera_up_avalon_ethernet_hw.tcl: no _hw.tcl package requested, assuming package require -exact sopc 9.0
Progress: Loading altera_up_avalon_ethernet/altera_up_avalon_ethernet_sw.tcl
Progress: Loading altera_up_avalon_irda/altera_up_avalon_irda_hw.tcl
Info: /package/eda/altera/altera13.0sp1/ip/University_Program/Communications/altera_up_avalon_irda/altera_up_avalon_irda_hw.tcl: no _hw.tcl package requested, assuming package require -exact sopc 9.0
Progress: Loading altera_up_avalon_irda/altera_up_avalon_irda_sw.tcl
Progress: Loading altera_up_avalon_rs232/altera_up_avalon_rs232_hw.tcl
Info: /package/eda/altera/altera13.0sp1/ip/University_Program/Communications/altera_up_avalon_rs232/altera_up_avalon_rs232_hw.tcl: no _hw.tcl package requested, assuming package require -exact sopc 9.0
Progress: Loading altera_up_avalon_rs232/altera_up_avalon_rs232_sw.tcl
Progress: Loading altera_up_avalon_accelerometer_spi/altera_up_avalon_accelerometer_spi_hw.tcl
Info: /package/eda/altera/altera13.0sp1/ip/University_Program/Input_Output/altera_up_avalon_accelerometer_spi/altera_up_avalon_accelerometer_spi_hw.tcl: no _hw.tcl package requested, assuming package require -exact sopc 9.0
Progress: Loading altera_up_avalon_accelerometer_spi/altera_up_avalon_accelerometer_spi_sw.tcl
Progress: Loading altera_up_avalon_de0_nano_adc/altera_up_avalon_de0_nano_adc_hw.tcl
Info: /package/eda/altera/altera13.0sp1/ip/University_Program/Input_Output/altera_up_avalon_de0_nano_adc/altera_up_avalon_de0_nano_adc_hw.tcl: no _hw.tcl package requested, assuming package require -exact sopc 9.0
Progress: Loading altera_up_avalon_de0_nano_adc/altera_up_avalon_de0_nano_adc_mega_hw.tcl
Info: /package/eda/altera/altera13.0sp1/ip/University_Program/Input_Output/altera_up_avalon_de0_nano_adc/altera_up_avalon_de0_nano_adc_mega_hw.tcl: no _hw.tcl package requested, assuming package require -exact sopc 9.0
Progress: Loading altera_up_avalon_de0_nano_adc/altera_up_avalon_de0_nano_adc_sw.tcl
Progress: Loading altera_up_avalon_parallel_port/altera_up_avalon_parallel_port_hw.tcl
Info: /package/eda/altera/altera13.0sp1/ip/University_Program/Input_Output/altera_up_avalon_parallel_port/altera_up_avalon_parallel_port_hw.tcl: no _hw.tcl package requested, assuming package require -exact sopc 9.0
Progress: Loading altera_up_avalon_parallel_port/altera_up_avalon_parallel_port_sw.tcl
Progress: Loading altera_up_avalon_ps2/altera_up_avalon_ps2_hw.tcl
Info: /package/eda/altera/altera13.0sp1/ip/University_Program/Input_Output/altera_up_avalon_ps2/altera_up_avalon_ps2_hw.tcl: no _hw.tcl package requested, assuming package require -exact sopc 9.0
Progress: Loading altera_up_avalon_ps2/altera_up_avalon_ps2_sw.tcl
Progress: Loading altera_up_avalon_usb/altera_up_avalon_usb_hw.tcl
Info: /package/eda/altera/altera13.0sp1/ip/University_Program/Input_Output/altera_up_avalon_usb/altera_up_avalon_usb_hw.tcl: no _hw.tcl package requested, assuming package require -exact sopc 9.0
Progress: Loading altera_up_avalon_usb/altera_up_avalon_usb_sw.tcl
Progress: Loading altera_up_avalon_sram/altera_up_avalon_sram_hw.tcl
Info: /package/eda/altera/altera13.0sp1/ip/University_Program/Memory/altera_up_avalon_sram/altera_up_avalon_sram_hw.tcl: no _hw.tcl package requested, assuming package require -exact sopc 9.0
Progress: Loading altera_up_flash_memory/Altera_UP_Flash_Memory_IP_Core_Avalon_Interface_hw.tcl
Info: /package/eda/altera/altera13.0sp1/ip/University_Program/Memory/altera_up_flash_memory/Altera_UP_Flash_Memory_IP_Core_Avalon_Interface_hw.tcl: no _hw.tcl package requested, assuming package require -exact sopc 9.0
Progress: Loading altera_up_sd_card_avalon_interface/Altera_UP_SD_Card_Avalon_Interface_hw.tcl
Info: /package/eda/altera/altera13.0sp1/ip/University_Program/Memory/altera_up_sd_card_avalon_interface/Altera_UP_SD_Card_Avalon_Interface_hw.tcl: no _hw.tcl package requested, assuming package require -exact sopc 9.0
Progress: Loading altera_up_sd_card_avalon_interface/Altera_UP_SD_Card_Avalon_Interface_sw.tcl
Progress: Loading altera_up_avalon_clocks/altera_up_avalon_clocks_hw.tcl
Info: /package/eda/altera/altera13.0sp1/ip/University_Program/altera_up_avalon_clocks/altera_up_avalon_clocks_hw.tcl: no _hw.tcl package requested, assuming package require -exact sopc 9.0
Progress: Loading altera_up_clocks/altera_up_clocks_hw.tcl
Info: /package/eda/altera/altera13.0sp1/ip/University_Program/altera_up_clocks/altera_up_clocks_hw.tcl: no _hw.tcl package requested, assuming package require -exact sopc 9.0
Info: Reading index /package/eda/altera/altera13.0sp1/ip/altera/altera_components.ipx
Info: /package/eda/altera/altera13.0sp1/ip/altera/altera_components.ipx described 848 plugins, 0 paths, in 0.18 seconds
Info: /package/eda/altera/altera13.0sp1/ip/**/* matched 354 files in 1.98 seconds
Info: /home/ecegrid/a/mg287/.altera.quartus/ip/13.0sp1/**/* matched 0 files in 0.00 seconds
Info: /home/ecegrid/a/mg287/Desktop/amm_master_example/onchip_ver_qsys/testbench/ip/**/* matched 0 files in 0.00 seconds
Info: Reading index /home/ecegrid/a/mg287/Desktop/amm_master_example/onchip_ver_qsys/testbench/onchip_ver_qsys.ipx
Progress: Loading amm_master_example/amm_master_qsys.qsys
Progress: Loading amm_master_example/new_component_hw.tcl
Progress: Loading amm_master_example/onchip_ver_qsys.qsys
Info: /home/ecegrid/a/mg287/Desktop/amm_master_example/* matched 49 files in 0.04 seconds
Progress: Loading Master_Template/custom_masters_hw.tcl
Info: /home/ecegrid/a/mg287/Desktop/amm_master_example/ip/Master_Template/custom_masters_hw.tcl: no _hw.tcl package requested, assuming package require -exact sopc 9.0
Info: /home/ecegrid/a/mg287/Desktop/amm_master_example/ip/**/* matched 8 files in 0.03 seconds
Info: /home/ecegrid/a/mg287/Desktop/amm_master_example/*/* matched 209 files in 0.03 seconds
Info: /home/ecegrid/a/mg287/Desktop/amm_master_example/onchip_ver_qsys/testbench/onchip_ver_qsys.ipx described 0 plugins, 3 paths, in 0.10 seconds
Progress: Loading testbench/onchip_ver_qsys_tb.qsys
Info: /home/ecegrid/a/mg287/Desktop/amm_master_example/onchip_ver_qsys/testbench/* matched 8 files in 0.11 seconds
Info: /home/ecegrid/a/mg287/Desktop/amm_master_example/onchip_ver_qsys/testbench/*/* matched 9 files in 0.01 seconds
Info: Reading index /package/eda/altera/altera13.0sp1/quartus/sopc_builder/builtin.ipx
Info: /package/eda/altera/altera13.0sp1/quartus/sopc_builder/builtin.ipx described 103 plugins, 0 paths, in 0.03 seconds
Info: /package/eda/altera/altera13.0sp1/quartus/sopc_builder/**/* matched 10 files in 0.03 seconds
Info: Reading index /package/eda/altera/altera13.0sp1/quartus/common/librarian/factories/index.ipx
Info: /package/eda/altera/altera13.0sp1/quartus/common/librarian/factories/index.ipx described 151 plugins, 0 paths, in 0.03 seconds
Info: /package/eda/altera/altera13.0sp1/quartus/common/librarian/factories/**/* matched 4 files in 0.03 seconds
Info: /package/eda/altera/altera13.0sp1/quartus/sopc_builder/bin/$IP_IPX_PATH matched 1 files in 0.00 seconds
Info: /package/eda/altera/altera13.0sp1/quartus/sopc_builder/bin/root_components.ipx described 0 plugins, 9 paths, in 2.18 seconds
Info: /package/eda/altera/altera13.0sp1/quartus/sopc_builder/bin/root_components.ipx matched 1 files in 2.18 seconds
Progress: 
Progress: 
Progress: 
Info: Loading presets
Progress: Loading presets
Info: Running script /package/eda/altera/altera13.0sp1/quartus/sopc_builder/bin/tbgen.tcl
Info: acds::register_package_version 12.1
Info: send_message Info TB_Gen: QSYS Testbench Generator Rev: $Revision: #2 $
Info: TB_Gen: QSYS Testbench Generator Rev: $Revision: #2 $
Info: get_module_property NAME
Info: send_message Info TB_Gen: System design is: onchip_ver_qsys
Info: TB_Gen: System design is: onchip_ver_qsys
Info: get_interfaces 
Info: get_connections 
Info: get_interface_property clk EXPORT_OF
Info: get_instance_property clk_0 CLASS_NAME
Info: get_instance_assignment clk_0 testbench.partner.map.clk_in
Info: get_interface_property reset EXPORT_OF
Info: get_instance_property clk_0 CLASS_NAME
Info: get_instance_assignment clk_0 testbench.partner.map.clk_in_reset
Info: get_interface_property write_master_control EXPORT_OF
Info: get_instance_property write_master CLASS_NAME
Info: get_instance_assignment write_master testbench.partner.map.control
Info: get_interface_property write_master_user EXPORT_OF
Info: get_instance_property write_master CLASS_NAME
Info: get_instance_assignment write_master testbench.partner.map.user
Info: get_interface_property read_master_control EXPORT_OF
Info: get_instance_property read_master CLASS_NAME
Info: get_instance_assignment read_master testbench.partner.map.control
Info: get_interface_property read_master_user EXPORT_OF
Info: get_instance_property read_master CLASS_NAME
Info: get_instance_assignment read_master testbench.partner.map.user
Info: send_message Info TB_Gen: Creating testbench system : onchip_ver_qsys_tb with clock and reset BFMs
Info: TB_Gen: Creating testbench system : onchip_ver_qsys_tb with clock and reset BFMs
Info: create_system onchip_ver_qsys_tb
Info: add_instance onchip_ver_qsys_inst onchip_ver_qsys 
Info: set_use_testbench_naming_pattern true
Info: get_instance_interfaces onchip_ver_qsys_inst
Info: get_instance_interface_property onchip_ver_qsys_inst clk CLASS_NAME
Info: get_instance_interface_property onchip_ver_qsys_inst reset CLASS_NAME
Info: get_instance_interface_property onchip_ver_qsys_inst write_master_control CLASS_NAME
Info: get_instance_interface_property onchip_ver_qsys_inst write_master_user CLASS_NAME
Info: get_instance_interface_property onchip_ver_qsys_inst read_master_control CLASS_NAME
Info: get_instance_interface_property onchip_ver_qsys_inst read_master_user CLASS_NAME
Info: get_instance_interface_property onchip_ver_qsys_inst clk CLASS_NAME
Info: send_message Info TB_Gen: clock_sink found: clk
Info: TB_Gen: clock_sink found: clk
Info: get_instance_interface_property onchip_ver_qsys_inst clk CLASS_NAME
Info: add_instance onchip_ver_qsys_inst_clk_bfm altera_avalon_clock_source 
Info: get_instance_property onchip_ver_qsys_inst_clk_bfm CLASS_NAME
Info: get_instance_interface_parameter_value onchip_ver_qsys_inst clk clockRate
Info: set_instance_parameter_value onchip_ver_qsys_inst_clk_bfm CLOCK_RATE 50000000.0
Info: set_instance_parameter_value onchip_ver_qsys_inst_clk_bfm CLOCK_UNIT 1
Info: get_instance_property onchip_ver_qsys_inst_clk_bfm CLASS_NAME
Info: get_instance_interface_property onchip_ver_qsys_inst clk CLASS_NAME
Info: get_instance_interfaces onchip_ver_qsys_inst_clk_bfm
Info: get_instance_interface_property onchip_ver_qsys_inst_clk_bfm clk CLASS_NAME
Info: add_connection onchip_ver_qsys_inst_clk_bfm.clk onchip_ver_qsys_inst.clk
Info: get_instance_interface_property onchip_ver_qsys_inst reset CLASS_NAME
Info: send_message Info TB_Gen: reset_sink found: reset
Info: TB_Gen: reset_sink found: reset
Info: get_instance_interface_property onchip_ver_qsys_inst reset CLASS_NAME
Info: add_instance onchip_ver_qsys_inst_reset_bfm altera_avalon_reset_source 
Info: get_instance_property onchip_ver_qsys_inst_reset_bfm CLASS_NAME
Info: get_instance_interface_ports onchip_ver_qsys_inst reset
Info: get_instance_interface_port_property onchip_ver_qsys_inst reset reset_reset_n ROLE
Info: set_instance_parameter_value onchip_ver_qsys_inst_reset_bfm ASSERT_HIGH_RESET 0
Info: set_instance_parameter_value onchip_ver_qsys_inst_reset_bfm INITIAL_RESET_CYCLES 50
Info: get_instance_property onchip_ver_qsys_inst_reset_bfm CLASS_NAME
Info: get_instance_interfaces onchip_ver_qsys_inst_reset_bfm
Info: get_instance_interface_property onchip_ver_qsys_inst_reset_bfm reset CLASS_NAME
Info: get_instance_interface_property onchip_ver_qsys_inst_reset_bfm clk CLASS_NAME
Info: get_instance_property onchip_ver_qsys_inst_reset_bfm CLASS_NAME
Info: get_instance_interface_parameter_value onchip_ver_qsys_inst reset associatedClock
Info: get_instance_interfaces onchip_ver_qsys_inst_clk_bfm
Info: get_instance_interface_property onchip_ver_qsys_inst_clk_bfm clk CLASS_NAME
Info: send_message Warning TB_Gen: onchip_ver_qsys_inst_reset_bfm is not associated to any clock; connecting onchip_ver_qsys_inst_reset_bfm to 'onchip_ver_qsys_inst_clk_bfm.clk'
Warning: TB_Gen: onchip_ver_qsys_inst_reset_bfm is not associated to any clock; connecting onchip_ver_qsys_inst_reset_bfm to 'onchip_ver_qsys_inst_clk_bfm.clk'
Info: add_connection onchip_ver_qsys_inst_clk_bfm.clk onchip_ver_qsys_inst_reset_bfm.clk
Info: get_instance_interface_property onchip_ver_qsys_inst reset CLASS_NAME
Info: get_instance_interfaces onchip_ver_qsys_inst_reset_bfm
Info: get_instance_interface_property onchip_ver_qsys_inst_reset_bfm reset CLASS_NAME
Info: get_instance_interface_property onchip_ver_qsys_inst_reset_bfm clk CLASS_NAME
Info: add_connection onchip_ver_qsys_inst_reset_bfm.reset onchip_ver_qsys_inst.reset
Info: send_message Info TB_Gen: Saving testbench system: onchip_ver_qsys_tb.qsys
Info: TB_Gen: Saving testbench system: onchip_ver_qsys_tb.qsys
Info: save_system onchip_ver_qsys_tb.qsys
Info: send_message Info TB_Gen: TBGEN SUCCESSFUL
Info: TB_Gen: TBGEN SUCCESSFUL
Info: Testbench system: /home/ecegrid/a/mg287/Desktop/amm_master_example/onchip_ver_qsys/testbench/onchip_ver_qsys_tb.qsys
Info: Done
Info: ip-generate --project-directory=/home/ecegrid/a/mg287/Desktop/amm_master_example/onchip_ver_qsys/testbench/ --output-directory=/home/ecegrid/a/mg287/Desktop/amm_master_example/onchip_ver_qsys/testbench/onchip_ver_qsys_tb/simulation/ --file-set=SIM_VERILOG --report-file=html:/home/ecegrid/a/mg287/Desktop/amm_master_example/onchip_ver_qsys/testbench/onchip_ver_qsys_tb.html --system-info=DEVICE_FAMILY="Cyclone IV GX" --system-info=DEVICE=EP4CGX150DF31C7 --system-info=DEVICE_SPEEDGRADE=7 --component-file=/home/ecegrid/a/mg287/Desktop/amm_master_example/onchip_ver_qsys/testbench/onchip_ver_qsys_tb.qsys --report-file=csv:/home/ecegrid/a/mg287/Desktop/amm_master_example/onchip_ver_qsys_tb.csv --report-file=spd:/home/ecegrid/a/mg287/Desktop/amm_master_example/onchip_ver_qsys_tb.spd
Progress: Loading testbench/onchip_ver_qsys_tb.qsys
Progress: Reading input file
Progress: Adding onchip_ver_qsys_inst [onchip_ver_qsys 1.0]
Progress: Parameterizing module onchip_ver_qsys_inst
Progress: Adding onchip_ver_qsys_inst_clk_bfm [altera_avalon_clock_source 13.0]
Progress: Parameterizing module onchip_ver_qsys_inst_clk_bfm
Progress: Adding onchip_ver_qsys_inst_reset_bfm [altera_avalon_reset_source 13.0]
Progress: Parameterizing module onchip_ver_qsys_inst_reset_bfm
Progress: Building connections
Progress: Parameterizing connections
Progress: Validating
Progress: Done reading input file
Warning: onchip_ver_qsys_tb.onchip_ver_qsys_inst.write_master: write_master.avalon_master must be connected to an Avalon-MM slave
Info: onchip_ver_qsys_tb.onchip_ver_qsys_inst_clk_bfm: Elaborate: altera_clock_source
Info: onchip_ver_qsys_tb.onchip_ver_qsys_inst_clk_bfm:            $Revision: #1 $
Info: onchip_ver_qsys_tb.onchip_ver_qsys_inst_clk_bfm:            $Date: 2013/03/07 $
Info: onchip_ver_qsys_tb.onchip_ver_qsys_inst_reset_bfm: Elaborate: altera_reset_source
Info: onchip_ver_qsys_tb.onchip_ver_qsys_inst_reset_bfm:            $Revision: #1 $
Info: onchip_ver_qsys_tb.onchip_ver_qsys_inst_reset_bfm:            $Date: 2013/03/07 $
Info: onchip_ver_qsys_tb.onchip_ver_qsys_inst_reset_bfm: Reset is negatively asserted.
Warning: onchip_ver_qsys_tb.onchip_ver_qsys_inst: onchip_ver_qsys_inst.write_master_control must be exported, or connected to a matching conduit.
Warning: onchip_ver_qsys_tb.onchip_ver_qsys_inst: onchip_ver_qsys_inst.write_master_user must be exported, or connected to a matching conduit.
Warning: onchip_ver_qsys_tb.onchip_ver_qsys_inst: onchip_ver_qsys_inst.read_master_control must be exported, or connected to a matching conduit.
Warning: onchip_ver_qsys_tb.onchip_ver_qsys_inst: onchip_ver_qsys_inst.read_master_user must be exported, or connected to a matching conduit.
Info: onchip_ver_qsys_tb: Generating onchip_ver_qsys_tb "onchip_ver_qsys_tb" for SIM_VERILOG
Info: pipeline_bridge_swap_transform: After transform: 3 modules, 3 connections
Info: No custom instruction connections, skipping transform 
Info: No Avalon connections, skipping transform 
Info: merlin_translator_transform: After transform: 3 modules, 3 connections
Info: pipeline_bridge_swap_transform: After transform: 4 modules, 7 connections
Info: No custom instruction connections, skipping transform 
Info: merlin_translator_transform: After transform: 6 modules, 13 connections
Info: reset_adaptation_transform: After transform: 7 modules, 15 connections
Info: merlin_mm_transform: After transform: 7 modules, 15 connections
Warning: onchip_ver_qsys_inst: "No matching role found for rst_controller:reset_out:reset_req (reset_req)"
Warning: onchip_ver_qsys_inst: "No matching role found for rst_controller:reset_out:reset_req (reset_req)"
Warning: onchip_ver_qsys_inst: "No matching role found for rst_controller:reset_out:reset_req (reset_req)"
Warning: onchip_ver_qsys_inst: "No matching role found for rst_controller:reset_out:reset_req (reset_req)"
Info: onchip_ver_qsys_inst: "onchip_ver_qsys_tb" instantiated onchip_ver_qsys "onchip_ver_qsys_inst"
Info: onchip_ver_qsys_inst_clk_bfm: "onchip_ver_qsys_tb" instantiated altera_avalon_clock_source "onchip_ver_qsys_inst_clk_bfm"
Info: onchip_ver_qsys_inst_reset_bfm: "onchip_ver_qsys_tb" instantiated altera_avalon_reset_source "onchip_ver_qsys_inst_reset_bfm"
Info: Reusing file /home/ecegrid/a/mg287/Desktop/amm_master_example/onchip_ver_qsys/testbench/onchip_ver_qsys_tb/simulation/submodules/verbosity_pkg.sv
Info: write_master: "onchip_ver_qsys_inst" instantiated master_template "write_master"
Info: onchip_memory2_0: Starting RTL generation for module 'onchip_ver_qsys_onchip_memory2_0'
Info: onchip_memory2_0:   Generation command is [exec /package/eda/altera/altera13.0sp1/quartus/linux/perl/bin/perl -I /package/eda/altera/altera13.0sp1/quartus/common/ip/altera/common/perl/5.8.3 -I /package/eda/altera/altera13.0sp1/quartus/sopc_builder/bin/europa -I /package/eda/altera/altera13.0sp1/quartus/sopc_builder/bin/perl_lib -I /package/eda/altera/altera13.0sp1/quartus/sopc_builder/bin -I /package/eda/altera/altera13.0sp1/quartus/../ip/altera/sopc_builder_ip/common -I /package/eda/altera/altera13.0sp1/quartus/../ip/altera/sopc_builder_ip/altera_avalon_onchip_memory2 -- /package/eda/altera/altera13.0sp1/quartus/../ip/altera/sopc_builder_ip/altera_avalon_onchip_memory2/generate_rtl.pl --name=onchip_ver_qsys_onchip_memory2_0 --dir=/tmp/alt6379_2847689103548927733.dir/0014_onchip_memory2_0_gen/ --quartus_dir=/package/eda/altera/altera13.0sp1/quartus --verilog --config=/tmp/alt6379_2847689103548927733.dir/0014_onchip_memory2_0_gen//onchip_ver_qsys_onchip_memory2_0_component_configuration.pl  --do_build_sim=1    --sim_dir=/tmp/alt6379_2847689103548927733.dir/0014_onchip_memory2_0_gen/  ]
Info: onchip_memory2_0: Done RTL generation for module 'onchip_ver_qsys_onchip_memory2_0'
Info: onchip_memory2_0: "onchip_ver_qsys_inst" instantiated altera_avalon_onchip_memory2 "onchip_memory2_0"
Info: read_master_avalon_master_translator: "onchip_ver_qsys_inst" instantiated altera_merlin_master_translator "read_master_avalon_master_translator"
Info: onchip_memory2_0_s1_translator: "onchip_ver_qsys_inst" instantiated altera_merlin_slave_translator "onchip_memory2_0_s1_translator"
Info: rst_controller: "onchip_ver_qsys_inst" instantiated altera_reset_controller "rst_controller"
Info: onchip_ver_qsys_tb: Done onchip_ver_qsys_tb" with 9 modules, 22 files, 176192 bytes
Info: ip-generate succeeded.
Info: sim-script-gen --spd=/home/ecegrid/a/mg287/Desktop/amm_master_example/onchip_ver_qsys_tb.spd --output-directory=/home/ecegrid/a/mg287/Desktop/amm_master_example/onchip_ver_qsys/testbench/
Info: Doing: ip-make-simscript --spd=/home/ecegrid/a/mg287/Desktop/amm_master_example/onchip_ver_qsys_tb.spd --output-directory=/home/ecegrid/a/mg287/Desktop/amm_master_example/onchip_ver_qsys/testbench/
Info: Generating the following file(s) for MODELSIM simulator in /home/ecegrid/a/mg287/Desktop/amm_master_example/onchip_ver_qsys/testbench/ directory:
Info: 	mentor/msim_setup.tcl
Info: Generating the following file(s) for VCS simulator in /home/ecegrid/a/mg287/Desktop/amm_master_example/onchip_ver_qsys/testbench/ directory:
Info: 	synopsys/vcs/vcs_setup.sh
Info: Generating the following file(s) for VCSMX simulator in /home/ecegrid/a/mg287/Desktop/amm_master_example/onchip_ver_qsys/testbench/ directory:
Info: 	synopsys/vcsmx/synopsys_sim.setup
Info: 	synopsys/vcsmx/vcsmx_setup.sh
Info: Generating the following file(s) for NCSIM simulator in /home/ecegrid/a/mg287/Desktop/amm_master_example/onchip_ver_qsys/testbench/ directory:
Info: 	cadence/cds.lib
Info: 	cadence/hdl.var
Info: 	cadence/ncsim_setup.sh
Info: 	8 .cds.lib files in cadence/cds_libs/ directory
Info: Generating the following file(s) for RIVIERAPRO simulator in /home/ecegrid/a/mg287/Desktop/amm_master_example/onchip_ver_qsys/testbench/ directory:
Info: 	aldec/rivierapro_setup.tcl
Info: Finished: Create testbench Qsys system
Info: Starting: Create block symbol file (.bsf)
Info: ip-generate --project-directory=/home/ecegrid/a/mg287/Desktop/amm_master_example/ --output-directory=/home/ecegrid/a/mg287/Desktop/amm_master_example/onchip_ver_qsys/ --report-file=bsf:/home/ecegrid/a/mg287/Desktop/amm_master_example/onchip_ver_qsys.bsf --system-info=DEVICE_FAMILY="Cyclone IV GX" --system-info=DEVICE=EP4CGX150DF31C7 --system-info=DEVICE_SPEEDGRADE=7 --component-file=/home/ecegrid/a/mg287/Desktop/amm_master_example/onchip_ver_qsys.qsys
Progress: Loading amm_master_example/onchip_ver_qsys.qsys
Progress: Reading input file
Progress: Adding clk_0 [clock_source 13.0]
Progress: Parameterizing module clk_0
Progress: Adding write_master [master_template 1.0]
Progress: Parameterizing module write_master
Progress: Adding read_master [master_template 1.0]
Progress: Parameterizing module read_master
Progress: Adding onchip_memory2_0 [altera_avalon_onchip_memory2 13.0.1.99.2]
Progress: Parameterizing module onchip_memory2_0
Progress: Building connections
Progress: Parameterizing connections
Progress: Validating
Progress: Done reading input file
Warning: onchip_ver_qsys.write_master: write_master.avalon_master must be connected to an Avalon-MM slave
Info: ip-generate succeeded.
Info: Finished: Create block symbol file (.bsf)
Info: 
Info: Starting: Create HDL design files for synthesis
Info: ip-generate --project-directory=/home/ecegrid/a/mg287/Desktop/amm_master_example/ --output-directory=/home/ecegrid/a/mg287/Desktop/amm_master_example/onchip_ver_qsys/synthesis/ --file-set=QUARTUS_SYNTH --report-file=sopcinfo:/home/ecegrid/a/mg287/Desktop/amm_master_example/onchip_ver_qsys.sopcinfo --report-file=html:/home/ecegrid/a/mg287/Desktop/amm_master_example/onchip_ver_qsys.html --report-file=qip:/home/ecegrid/a/mg287/Desktop/amm_master_example/onchip_ver_qsys/synthesis/onchip_ver_qsys.qip --report-file=cmp:/home/ecegrid/a/mg287/Desktop/amm_master_example/onchip_ver_qsys.cmp --report-file=svd --system-info=DEVICE_FAMILY="Cyclone IV GX" --system-info=DEVICE=EP4CGX150DF31C7 --system-info=DEVICE_SPEEDGRADE=7 --component-file=/home/ecegrid/a/mg287/Desktop/amm_master_example/onchip_ver_qsys.qsys --language=VERILOG
Progress: Loading amm_master_example/onchip_ver_qsys.qsys
Progress: Reading input file
Progress: Adding clk_0 [clock_source 13.0]
Progress: Parameterizing module clk_0
Progress: Adding write_master [master_template 1.0]
Progress: Parameterizing module write_master
Progress: Adding read_master [master_template 1.0]
Progress: Parameterizing module read_master
Progress: Adding onchip_memory2_0 [altera_avalon_onchip_memory2 13.0.1.99.2]
Progress: Parameterizing module onchip_memory2_0
Progress: Building connections
Progress: Parameterizing connections
Progress: Validating
Progress: Done reading input file
Warning: onchip_ver_qsys.write_master: write_master.avalon_master must be connected to an Avalon-MM slave
Info: onchip_ver_qsys: Generating onchip_ver_qsys "onchip_ver_qsys" for QUARTUS_SYNTH
Info: pipeline_bridge_swap_transform: After transform: 4 modules, 7 connections
Info: No custom instruction connections, skipping transform 
Info: merlin_translator_transform: After transform: 6 modules, 13 connections
Info: reset_adaptation_transform: After transform: 7 modules, 15 connections
Info: merlin_mm_transform: After transform: 7 modules, 15 connections
Warning: onchip_ver_qsys: "No matching role found for rst_controller:reset_out:reset_req (reset_req)"
Warning: onchip_ver_qsys: "No matching role found for rst_controller:reset_out:reset_req (reset_req)"
Warning: onchip_ver_qsys: "No matching role found for rst_controller:reset_out:reset_req (reset_req)"
Warning: onchip_ver_qsys: "No matching role found for rst_controller:reset_out:reset_req (reset_req)"
Info: write_master: "onchip_ver_qsys" instantiated master_template "write_master"
Info: onchip_memory2_0: Starting RTL generation for module 'onchip_ver_qsys_onchip_memory2_0'
Info: onchip_memory2_0:   Generation command is [exec /package/eda/altera/altera13.0sp1/quartus/linux/perl/bin/perl -I /package/eda/altera/altera13.0sp1/quartus/common/ip/altera/common/perl/5.8.3 -I /package/eda/altera/altera13.0sp1/quartus/sopc_builder/bin/europa -I /package/eda/altera/altera13.0sp1/quartus/sopc_builder/bin/perl_lib -I /package/eda/altera/altera13.0sp1/quartus/sopc_builder/bin -I /package/eda/altera/altera13.0sp1/quartus/../ip/altera/sopc_builder_ip/common -I /package/eda/altera/altera13.0sp1/quartus/../ip/altera/sopc_builder_ip/altera_avalon_onchip_memory2 -- /package/eda/altera/altera13.0sp1/quartus/../ip/altera/sopc_builder_ip/altera_avalon_onchip_memory2/generate_rtl.pl --name=onchip_ver_qsys_onchip_memory2_0 --dir=/tmp/alt6379_2847689103548927733.dir/0019_onchip_memory2_0_gen/ --quartus_dir=/package/eda/altera/altera13.0sp1/quartus --verilog --config=/tmp/alt6379_2847689103548927733.dir/0019_onchip_memory2_0_gen//onchip_ver_qsys_onchip_memory2_0_component_configuration.pl  --do_build_sim=0  ]
Info: onchip_memory2_0: Done RTL generation for module 'onchip_ver_qsys_onchip_memory2_0'
Info: onchip_memory2_0: "onchip_ver_qsys" instantiated altera_avalon_onchip_memory2 "onchip_memory2_0"
Info: read_master_avalon_master_translator: "onchip_ver_qsys" instantiated altera_merlin_master_translator "read_master_avalon_master_translator"
Info: onchip_memory2_0_s1_translator: "onchip_ver_qsys" instantiated altera_merlin_slave_translator "onchip_memory2_0_s1_translator"
Info: rst_controller: "onchip_ver_qsys" instantiated altera_reset_controller "rst_controller"
Info: onchip_ver_qsys: Done onchip_ver_qsys" with 6 modules, 18 files, 159330 bytes
Info: ip-generate succeeded.
Info: Finished: Create HDL design files for synthesis
