Flow report for master_example
Thu Nov 13 18:23:16 2014
Quartus II 32-bit Version 13.0.1 Build 232 06/12/2013 Service Pack 1 SJ Full Version


---------------------
; Table of Contents ;
---------------------
  1. Legal Notice
  2. Flow Summary
  3. Flow Settings
  4. Flow Non-Default Global Settings
  5. Flow Elapsed Time
  6. Flow OS Summary
  7. Flow Log
  8. Flow Messages
  9. Flow Suppressed Messages



----------------
; Legal Notice ;
----------------
Copyright (C) 1991-2013 Altera Corporation
Your use of Altera Corporation's design tools, logic functions 
and other software and tools, and its AMPP partner logic 
functions, and any output files from any of the foregoing 
(including device programming or simulation files), and any 
associated documentation or information are expressly subject 
to the terms and conditions of the Altera Program License 
Subscription Agreement, Altera MegaCore Function License 
Agreement, or other applicable license agreement, including, 
without limitation, that your use is for the sole purpose of 
programming logic devices manufactured by Altera and sold by 
Altera or its authorized distributors.  Please refer to the 
applicable agreement for further details.



+---------------------------------------------------------------------------------------+
; Flow Summary                                                                          ;
+------------------------------------+--------------------------------------------------+
; Flow Status                        ; Successful - Thu Nov 13 18:23:03 2014            ;
; Quartus II 32-bit Version          ; 13.0.1 Build 232 06/12/2013 SP 1 SJ Full Version ;
; Revision Name                      ; master_example                                   ;
; Top-level Entity Name              ; master_example                                   ;
; Family                             ; Cyclone IV GX                                    ;
; Device                             ; EP4CGX150DF31C7                                  ;
; Timing Models                      ; Final                                            ;
; Total logic elements               ; 3,135 / 149,760 ( 2 % )                          ;
;     Total combinational functions  ; 2,795 / 149,760 ( 2 % )                          ;
;     Dedicated logic registers      ; 1,804 / 149,760 ( 1 % )                          ;
; Total registers                    ; 1918                                             ;
; Total pins                         ; 170 / 508 ( 33 % )                               ;
; Total virtual pins                 ; 0                                                ;
; Total memory bits                  ; 26,592 / 6,635,520 ( < 1 % )                     ;
; Embedded Multiplier 9-bit elements ; 0 / 720 ( 0 % )                                  ;
; Total GXB Receiver Channel PCS     ; 1 / 8 ( 13 % )                                   ;
; Total GXB Receiver Channel PMA     ; 1 / 8 ( 13 % )                                   ;
; Total GXB Transmitter Channel PCS  ; 1 / 8 ( 13 % )                                   ;
; Total GXB Transmitter Channel PMA  ; 1 / 8 ( 13 % )                                   ;
; Total PLLs                         ; 1 / 8 ( 13 % )                                   ;
+------------------------------------+--------------------------------------------------+


+-----------------------------------------+
; Flow Settings                           ;
+-------------------+---------------------+
; Option            ; Setting             ;
+-------------------+---------------------+
; Start date & time ; 11/13/2014 18:20:58 ;
; Main task         ; Compilation         ;
; Revision Name     ; master_example      ;
+-------------------+---------------------+


+---------------------------------------------------------------------------------------------------------------------------------------------------------------------------+
; Flow Non-Default Global Settings                                                                                                                                          ;
+-------------------------------------+-------------------------------------------------------------------+---------------+------------------------------------+------------+
; Assignment Name                     ; Value                                                             ; Default Value ; Entity Name                        ; Section Id ;
+-------------------------------------+-------------------------------------------------------------------+---------------+------------------------------------+------------+
; COMPILER_SIGNATURE_ID               ; 158514243529.141592085810042                                      ; --            ; --                                 ; --         ;
; IP_TOOL_ENV                         ; Qsys                                                              ; --            ; altera_avalon_sc_fifo              ; --         ;
; IP_TOOL_ENV                         ; Qsys                                                              ; --            ; altera_merlin_master_agent         ; --         ;
; IP_TOOL_ENV                         ; Qsys                                                              ; --            ; altera_merlin_master_translator    ; --         ;
; IP_TOOL_ENV                         ; Qsys                                                              ; --            ; altera_merlin_slave_agent          ; --         ;
; IP_TOOL_ENV                         ; Qsys                                                              ; --            ; altera_merlin_slave_translator     ; --         ;
; IP_TOOL_ENV                         ; Qsys                                                              ; --            ; altera_merlin_traffic_limiter      ; --         ;
; IP_TOOL_ENV                         ; Qsys                                                              ; --            ; altera_reset_controller            ; --         ;
; IP_TOOL_ENV                         ; Qsys                                                              ; --            ; amm_master_qsys                    ; --         ;
; IP_TOOL_ENV                         ; Qsys                                                              ; --            ; amm_master_qsys_addr_router        ; --         ;
; IP_TOOL_ENV                         ; Qsys                                                              ; --            ; amm_master_qsys_cmd_xbar_demux     ; --         ;
; IP_TOOL_ENV                         ; Qsys                                                              ; --            ; amm_master_qsys_cmd_xbar_demux_001 ; --         ;
; IP_TOOL_ENV                         ; Qsys                                                              ; --            ; amm_master_qsys_cmd_xbar_mux       ; --         ;
; IP_TOOL_ENV                         ; Qsys                                                              ; --            ; amm_master_qsys_id_router          ; --         ;
; IP_TOOL_ENV                         ; Qsys                                                              ; --            ; amm_master_qsys_irq_mapper         ; --         ;
; IP_TOOL_ENV                         ; Qsys                                                              ; --            ; amm_master_qsys_reconf_registers   ; --         ;
; IP_TOOL_ENV                         ; Qsys                                                              ; --            ; amm_master_qsys_rsp_xbar_mux       ; --         ;
; IP_TOOL_ENV                         ; Qsys                                                              ; --            ; amm_master_qsys_sdram_controller   ; --         ;
; IP_TOOL_NAME                        ; altera_avalon_sc_fifo                                             ; --            ; altera_avalon_sc_fifo              ; --         ;
; IP_TOOL_NAME                        ; altera_merlin_master_agent                                        ; --            ; altera_merlin_master_agent         ; --         ;
; IP_TOOL_NAME                        ; altera_merlin_master_translator                                   ; --            ; altera_merlin_master_translator    ; --         ;
; IP_TOOL_NAME                        ; altera_merlin_slave_agent                                         ; --            ; altera_merlin_slave_agent          ; --         ;
; IP_TOOL_NAME                        ; altera_merlin_slave_translator                                    ; --            ; altera_merlin_slave_translator     ; --         ;
; IP_TOOL_NAME                        ; altera_merlin_traffic_limiter                                     ; --            ; altera_merlin_traffic_limiter      ; --         ;
; IP_TOOL_NAME                        ; altera_reset_controller                                           ; --            ; altera_reset_controller            ; --         ;
; IP_TOOL_NAME                        ; Qsys                                                              ; --            ; amm_master_qsys                    ; --         ;
; IP_TOOL_NAME                        ; altera_merlin_router                                              ; --            ; amm_master_qsys_addr_router        ; --         ;
; IP_TOOL_NAME                        ; altera_merlin_demultiplexer                                       ; --            ; amm_master_qsys_cmd_xbar_demux     ; --         ;
; IP_TOOL_NAME                        ; altera_merlin_demultiplexer                                       ; --            ; amm_master_qsys_cmd_xbar_demux_001 ; --         ;
; IP_TOOL_NAME                        ; altera_merlin_multiplexer                                         ; --            ; amm_master_qsys_cmd_xbar_mux       ; --         ;
; IP_TOOL_NAME                        ; altera_merlin_router                                              ; --            ; amm_master_qsys_id_router          ; --         ;
; IP_TOOL_NAME                        ; altera_irq_mapper                                                 ; --            ; amm_master_qsys_irq_mapper         ; --         ;
; IP_TOOL_NAME                        ; altera_avalon_onchip_memory2                                      ; --            ; amm_master_qsys_reconf_registers   ; --         ;
; IP_TOOL_NAME                        ; altera_merlin_multiplexer                                         ; --            ; amm_master_qsys_rsp_xbar_mux       ; --         ;
; IP_TOOL_NAME                        ; altera_avalon_new_sdram_controller                                ; --            ; amm_master_qsys_sdram_controller   ; --         ;
; IP_TOOL_VERSION                     ; 13.0                                                              ; --            ; altera_avalon_sc_fifo              ; --         ;
; IP_TOOL_VERSION                     ; 13.0                                                              ; --            ; altera_merlin_master_agent         ; --         ;
; IP_TOOL_VERSION                     ; 13.0                                                              ; --            ; altera_merlin_master_translator    ; --         ;
; IP_TOOL_VERSION                     ; 13.0                                                              ; --            ; altera_merlin_slave_agent          ; --         ;
; IP_TOOL_VERSION                     ; 13.0                                                              ; --            ; altera_merlin_slave_translator     ; --         ;
; IP_TOOL_VERSION                     ; 13.0                                                              ; --            ; altera_merlin_traffic_limiter      ; --         ;
; IP_TOOL_VERSION                     ; 13.0                                                              ; --            ; altera_reset_controller            ; --         ;
; IP_TOOL_VERSION                     ; 13.0sp1                                                           ; --            ; amm_master_qsys                    ; --         ;
; IP_TOOL_VERSION                     ; 13.0                                                              ; --            ; amm_master_qsys_addr_router        ; --         ;
; IP_TOOL_VERSION                     ; 13.0                                                              ; --            ; amm_master_qsys_cmd_xbar_demux     ; --         ;
; IP_TOOL_VERSION                     ; 13.0                                                              ; --            ; amm_master_qsys_cmd_xbar_demux_001 ; --         ;
; IP_TOOL_VERSION                     ; 13.0                                                              ; --            ; amm_master_qsys_cmd_xbar_mux       ; --         ;
; IP_TOOL_VERSION                     ; 13.0                                                              ; --            ; amm_master_qsys_id_router          ; --         ;
; IP_TOOL_VERSION                     ; 13.0                                                              ; --            ; amm_master_qsys_irq_mapper         ; --         ;
; IP_TOOL_VERSION                     ; 13.0.1.99.2                                                       ; --            ; amm_master_qsys_reconf_registers   ; --         ;
; IP_TOOL_VERSION                     ; 13.0                                                              ; --            ; amm_master_qsys_rsp_xbar_mux       ; --         ;
; IP_TOOL_VERSION                     ; 13.0.1.99.2                                                       ; --            ; amm_master_qsys_sdram_controller   ; --         ;
; MAX_CORE_JUNCTION_TEMP              ; 85                                                                ; --            ; --                                 ; --         ;
; MIN_CORE_JUNCTION_TEMP              ; 0                                                                 ; --            ; --                                 ; --         ;
; MISC_FILE                           ; amm_master_qsys/synthesis/../../amm_master_qsys.cmp               ; --            ; --                                 ; --         ;
; MISC_FILE                           ; amm_master_qsys/synthesis/../../amm_master_qsys.qsys              ; --            ; --                                 ; --         ;
; OUTPUT_IO_TIMING_FAR_END_VMEAS      ; Half Signal Swing                                                 ; --            ; --                                 ; --         ;
; OUTPUT_IO_TIMING_FAR_END_VMEAS      ; Half Signal Swing                                                 ; --            ; --                                 ; --         ;
; OUTPUT_IO_TIMING_NEAR_END_VMEAS     ; Half Vccio                                                        ; --            ; --                                 ; --         ;
; OUTPUT_IO_TIMING_NEAR_END_VMEAS     ; Half Vccio                                                        ; --            ; --                                 ; --         ;
; PARTITION_COLOR                     ; 16764057                                                          ; --            ; --                                 ; Top        ;
; PARTITION_FITTER_PRESERVATION_LEVEL ; PLACEMENT_AND_ROUTING                                             ; --            ; --                                 ; Top        ;
; PARTITION_NETLIST_TYPE              ; SOURCE                                                            ; --            ; --                                 ; Top        ;
; POWER_BOARD_THERMAL_MODEL           ; None (CONSERVATIVE)                                               ; --            ; --                                 ; --         ;
; POWER_PRESET_COOLING_SOLUTION       ; 23 MM HEAT SINK WITH 200 LFPM AIRFLOW                             ; --            ; --                                 ; --         ;
; PROJECT_OUTPUT_DIRECTORY            ; output_files                                                      ; --            ; --                                 ; --         ;
; SLD_INFO                            ; QSYS_NAME amm_master_qsys HAS_SOPCINFO 1 GENERATION_ID 1415920812 ; --            ; amm_master_qsys                    ; --         ;
; SOPCINFO_FILE                       ; amm_master_qsys/synthesis/../../amm_master_qsys.sopcinfo          ; --            ; --                                 ; --         ;
; SYNTHESIS_ONLY_QIP                  ; On                                                                ; --            ; --                                 ; --         ;
+-------------------------------------+-------------------------------------------------------------------+---------------+------------------------------------+------------+


+-------------------------------------------------------------------------------------------------------------------------------+
; Flow Elapsed Time                                                                                                             ;
+---------------------------+--------------+-------------------------+---------------------+------------------------------------+
; Module Name               ; Elapsed Time ; Average Processors Used ; Peak Virtual Memory ; Total CPU Time (on all processors) ;
+---------------------------+--------------+-------------------------+---------------------+------------------------------------+
; Analysis & Synthesis      ; 00:00:41     ; 1.0                     ; 526 MB              ; 00:00:35                           ;
; Fitter                    ; 00:01:00     ; 1.4                     ; 908 MB              ; 00:01:14                           ;
; Assembler                 ; 00:00:13     ; 1.0                     ; 394 MB              ; 00:00:12                           ;
; TimeQuest Timing Analyzer ; 00:00:10     ; 1.4                     ; 519 MB              ; 00:00:09                           ;
; Total                     ; 00:02:04     ; --                      ; --                  ; 00:02:10                           ;
+---------------------------+--------------+-------------------------+---------------------+------------------------------------+


+-----------------------------------------------------------------------------------------------+
; Flow OS Summary                                                                               ;
+---------------------------+---------------------------+---------+------------+----------------+
; Module Name               ; Machine Hostname          ; OS Name ; OS Version ; Processor type ;
+---------------------------+---------------------------+---------+------------+----------------+
; Analysis & Synthesis      ; ee210lnx02.ecn.purdue.edu ; Red Hat ; 6          ; x86_64         ;
; Fitter                    ; ee210lnx02.ecn.purdue.edu ; Red Hat ; 6          ; x86_64         ;
; Assembler                 ; ee210lnx02.ecn.purdue.edu ; Red Hat ; 6          ; x86_64         ;
; TimeQuest Timing Analyzer ; ee210lnx02.ecn.purdue.edu ; Red Hat ; 6          ; x86_64         ;
+---------------------------+---------------------------+---------+------------+----------------+


------------
; Flow Log ;
------------
quartus_map --read_settings_files=on --write_settings_files=off master_example -c master_example
quartus_fit --read_settings_files=off --write_settings_files=off master_example -c master_example
quartus_asm --read_settings_files=off --write_settings_files=off master_example -c master_example
quartus_sta master_example -c master_example



